\BOOKMARK [1][-]{section.1}{Pou\236\355vatelsk\341 \235pecifik\341cia}{}% 1
\BOOKMARK [2][-]{subsection.1.1}{\332vod do problematiky}{section.1}% 2
\BOOKMARK [2][-]{subsection.1.2}{Pou\236\355vatelsk\351 po\236iadavky}{section.1}% 3
\BOOKMARK [3][-]{subsubsection.1.2.1}{Funkcion\341lne po\236iadavky}{subsection.1.2}% 4
\BOOKMARK [3][-]{subsubsection.1.2.2}{Nefunkcion\341lne po\236iadavky}{subsection.1.2}% 5
\BOOKMARK [3][-]{subsubsection.1.2.3}{Merateln\351 po\236iadavky}{subsection.1.2}% 6
\BOOKMARK [3][-]{subsubsection.1.2.4}{Dom\351nov\351 po\236iadavky}{subsection.1.2}% 7
\BOOKMARK [1][-]{section.2}{Syst\351mov\341 \235pecifik\341cia}{}% 8
\BOOKMARK [2][-]{subsection.2.1}{Diagram pr\355padov pou\236itia}{section.2}% 9
\BOOKMARK [2][-]{subsection.2.2}{Role jednotliv\375ch hr\341cov}{section.2}% 10
\BOOKMARK [3][-]{subsubsection.2.2.1}{Neregistrovan\375 pou\236\355vatel}{subsection.2.2}% 11
\BOOKMARK [3][-]{subsubsection.2.2.2}{Prihl\341sen\375 pou\236\355vatel \(bez triedy\)}{subsection.2.2}% 12
\BOOKMARK [3][-]{subsubsection.2.2.3}{Prihl\341sen\375 pou\236\355vatel \(s triedou\)}{subsection.2.2}% 13
\BOOKMARK [3][-]{subsubsection.2.2.4}{Spr\341vca syst\351mu}{subsection.2.2}% 14
\BOOKMARK [2][-]{subsection.2.3}{Tabulky pr\355padov pou\236itia}{section.2}% 15
\BOOKMARK [2][-]{subsection.2.4}{Diagramy aktiv\355t a sekvencn\351 diagramy}{section.2}% 16
\BOOKMARK [2][-]{subsection.2.5}{Stavov\375 diagram}{section.2}% 17
\BOOKMARK [1][-]{section.3}{D\341tov\375 model}{}% 18
\BOOKMARK [1][-]{section.4}{Akceptacn\351 testy}{}% 19
\BOOKMARK [1][-]{section.5}{Projektov\351 pl\341novanie}{}% 20
